This file contains any messages produced by compilers while
running configure, to aid debugging if configure makes a mistake.

It was created by oath-toolkit configure 2.6.1, which was
generated by GNU Autoconf 2.69.  Invocation command line was

  $ /home/tluyben/Projects/oath-php/oath-toolkit-2.6.1/./configure --build=x86_64-linux-gnu --prefix=/usr --includedir=${prefix}/include --mandir=${prefix}/share/man --infodir=${prefix}/share/info --sysconfdir=/etc --localstatedir=/var --libexecdir=${prefix}/lib/oath-toolkit --srcdir=. --disable-maintainer-mode --disable-dependency-tracking --disable-silent-rules --enable-gtk-doc --enable-gtk-doc-pdf --with-pam-dir=/lib/security --disable-pskc

## --------- ##
## Platform. ##
## --------- ##

hostname = tluyben-ThinkPad-X220
uname -m = x86_64
uname -r = 4.2.0-27-generic
uname -s = Linux
uname -v = #32-Ubuntu SMP Fri Jan 22 04:49:08 UTC 2016

/usr/bin/uname -p = unknown
/bin/uname -X     = unknown

/bin/arch              = unknown
/usr/bin/arch -k       = unknown
/usr/convex/getsysinfo = unknown
/usr/bin/hostinfo      = unknown
/bin/machine           = unknown
/usr/bin/oslevel       = unknown
/bin/universe          = unknown

PATH: /usr/sbin
PATH: /usr/bin
PATH: /sbin
PATH: /bin
PATH: /usr/bin/X11


## ----------- ##
## Core tests. ##
## ----------- ##

configure:2180: checking for a BSD-compatible install
configure:2248: result: /usr/bin/install -c
configure:2259: checking whether build environment is sane
configure:2314: result: yes
configure:2465: checking for a thread-safe mkdir -p
configure:2504: result: /bin/mkdir -p
configure:2511: checking for gawk
configure:2541: result: no
configure:2511: checking for mawk
configure:2527: found /usr/bin/mawk
configure:2538: result: mawk
configure:2549: checking whether make sets $(MAKE)
configure:2571: result: yes
configure:2600: checking whether make supports nested variables
configure:2617: result: yes
configure:2754: checking whether make supports nested variables
configure:2771: result: yes
configure:2795: checking for style of include used by make
configure:2823: result: GNU
configure:2894: checking for gcc
configure:2910: found /usr/bin/gcc
configure:2921: result: gcc
configure:3150: checking for C compiler version
configure:3159: gcc --version >&5
gcc (Ubuntu 5.2.1-22ubuntu2) 5.2.1 20151010
Copyright (C) 2015 Free Software Foundation, Inc.
This is free software; see the source for copying conditions.  There is NO
warranty; not even for MERCHANTABILITY or FITNESS FOR A PARTICULAR PURPOSE.

configure:3170: $? = 0
configure:3159: gcc -v >&5
Using built-in specs.
COLLECT_GCC=gcc
COLLECT_LTO_WRAPPER=/usr/lib/gcc/x86_64-linux-gnu/5/lto-wrapper
Target: x86_64-linux-gnu
Configured with: ../src/configure -v --with-pkgversion='Ubuntu 5.2.1-22ubuntu2' --with-bugurl=file:///usr/share/doc/gcc-5/README.Bugs --enable-languages=c,ada,c++,java,go,d,fortran,objc,obj-c++ --prefix=/usr --program-suffix=-5 --enable-shared --enable-linker-build-id --libexecdir=/usr/lib --without-included-gettext --enable-threads=posix --libdir=/usr/lib --enable-nls --with-sysroot=/ --enable-clocale=gnu --enable-libstdcxx-debug --enable-libstdcxx-time=yes --with-default-libstdcxx-abi=new --enable-gnu-unique-object --disable-vtable-verify --enable-libmpx --enable-plugin --with-system-zlib --disable-browser-plugin --enable-java-awt=gtk --enable-gtk-cairo --with-java-home=/usr/lib/jvm/java-1.5.0-gcj-5-amd64/jre --enable-java-home --with-jvm-root-dir=/usr/lib/jvm/java-1.5.0-gcj-5-amd64 --with-jvm-jar-dir=/usr/lib/jvm-exports/java-1.5.0-gcj-5-amd64 --with-arch-directory=amd64 --with-ecj-jar=/usr/share/java/eclipse-ecj.jar --enable-objc-gc --enable-multiarch --disable-werror --with-arch-32=i686 --with-abi=m64 --with-multilib-list=m32,m64,mx32 --enable-multilib --with-tune=generic --enable-checking=release --build=x86_64-linux-gnu --host=x86_64-linux-gnu --target=x86_64-linux-gnu
Thread model: posix
gcc version 5.2.1 20151010 (Ubuntu 5.2.1-22ubuntu2) 
configure:3170: $? = 0
configure:3159: gcc -V >&5
gcc: error: unrecognized command line option '-V'
gcc: fatal error: no input files
compilation terminated.
configure:3170: $? = 1
configure:3159: gcc -qversion >&5
gcc: error: unrecognized command line option '-qversion'
gcc: fatal error: no input files
compilation terminated.
configure:3170: $? = 1
configure:3190: checking whether the C compiler works
configure:3212: gcc -g -O2 -fstack-protector-strong -Wformat -Werror=format-security -Wall -D_FORTIFY_SOURCE=2 -Wl,-Bsymbolic-functions -Wl,-z,relro conftest.c  >&5
configure:3216: $? = 0
configure:3264: result: yes
configure:3267: checking for C compiler default output file name
configure:3269: result: a.out
configure:3275: checking for suffix of executables
configure:3282: gcc -o conftest -g -O2 -fstack-protector-strong -Wformat -Werror=format-security -Wall -D_FORTIFY_SOURCE=2 -Wl,-Bsymbolic-functions -Wl,-z,relro conftest.c  >&5
configure:3286: $? = 0
configure:3308: result: 
configure:3330: checking whether we are cross compiling
configure:3338: gcc -o conftest -g -O2 -fstack-protector-strong -Wformat -Werror=format-security -Wall -D_FORTIFY_SOURCE=2 -Wl,-Bsymbolic-functions -Wl,-z,relro conftest.c  >&5
configure:3342: $? = 0
configure:3349: ./conftest
configure:3353: $? = 0
configure:3368: result: no
configure:3373: checking for suffix of object files
configure:3395: gcc -c -g -O2 -fstack-protector-strong -Wformat -Werror=format-security -Wall -D_FORTIFY_SOURCE=2 conftest.c >&5
configure:3399: $? = 0
configure:3420: result: o
configure:3424: checking whether we are using the GNU C compiler
configure:3443: gcc -c -g -O2 -fstack-protector-strong -Wformat -Werror=format-security -Wall -D_FORTIFY_SOURCE=2 conftest.c >&5
configure:3443: $? = 0
configure:3452: result: yes
configure:3461: checking whether gcc accepts -g
configure:3481: gcc -c -g -D_FORTIFY_SOURCE=2 conftest.c >&5
configure:3481: $? = 0
configure:3522: result: yes
configure:3539: checking for gcc option to accept ISO C89
configure:3602: gcc  -c -g -O2 -fstack-protector-strong -Wformat -Werror=format-security -Wall -D_FORTIFY_SOURCE=2 conftest.c >&5
configure:3602: $? = 0
configure:3615: result: none needed
configure:3640: checking whether gcc understands -c and -o together
configure:3662: gcc -c conftest.c -o conftest2.o
configure:3665: $? = 0
configure:3662: gcc -c conftest.c -o conftest2.o
configure:3665: $? = 0
configure:3677: result: yes
configure:3696: checking dependency style of gcc
configure:3807: result: none
configure:3828: checking how to run the C preprocessor
configure:3859: gcc -E -D_FORTIFY_SOURCE=2 conftest.c
configure:3859: $? = 0
configure:3873: gcc -E -D_FORTIFY_SOURCE=2 conftest.c
conftest.c:11:28: fatal error: ac_nonexistent.h: No such file or directory
compilation terminated.
configure:3873: $? = 1
configure: failed program was:
| /* confdefs.h */
| #define PACKAGE_NAME "oath-toolkit"
| #define PACKAGE_TARNAME "oath-toolkit"
| #define PACKAGE_VERSION "2.6.1"
| #define PACKAGE_STRING "oath-toolkit 2.6.1"
| #define PACKAGE_BUGREPORT "oath-toolkit-help@nongnu.org"
| #define PACKAGE_URL "http://www.nongnu.org/oath-toolkit/"
| #define PACKAGE "oath-toolkit"
| #define VERSION "2.6.1"
| /* end confdefs.h.  */
| #include <ac_nonexistent.h>
configure:3898: result: gcc -E
configure:3918: gcc -E -D_FORTIFY_SOURCE=2 conftest.c
configure:3918: $? = 0
configure:3932: gcc -E -D_FORTIFY_SOURCE=2 conftest.c
conftest.c:11:28: fatal error: ac_nonexistent.h: No such file or directory
compilation terminated.
configure:3932: $? = 1
configure: failed program was:
| /* confdefs.h */
| #define PACKAGE_NAME "oath-toolkit"
| #define PACKAGE_TARNAME "oath-toolkit"
| #define PACKAGE_VERSION "2.6.1"
| #define PACKAGE_STRING "oath-toolkit 2.6.1"
| #define PACKAGE_BUGREPORT "oath-toolkit-help@nongnu.org"
| #define PACKAGE_URL "http://www.nongnu.org/oath-toolkit/"
| #define PACKAGE "oath-toolkit"
| #define VERSION "2.6.1"
| /* end confdefs.h.  */
| #include <ac_nonexistent.h>
configure:3961: checking for grep that handles long lines and -e
configure:4019: result: /bin/grep
configure:4024: checking for egrep
configure:4086: result: /bin/grep -E
configure:4091: checking for ANSI C header files
configure:4111: gcc -c -g -O2 -fstack-protector-strong -Wformat -Werror=format-security -Wall -D_FORTIFY_SOURCE=2 conftest.c >&5
configure:4111: $? = 0
configure:4184: gcc -o conftest -g -O2 -fstack-protector-strong -Wformat -Werror=format-security -Wall -D_FORTIFY_SOURCE=2 -Wl,-Bsymbolic-functions -Wl,-z,relro conftest.c  >&5
configure:4184: $? = 0
configure:4184: ./conftest
configure:4184: $? = 0
configure:4195: result: yes
configure:4208: checking for sys/types.h
configure:4208: gcc -c -g -O2 -fstack-protector-strong -Wformat -Werror=format-security -Wall -D_FORTIFY_SOURCE=2 conftest.c >&5
configure:4208: $? = 0
configure:4208: result: yes
configure:4208: checking for sys/stat.h
configure:4208: gcc -c -g -O2 -fstack-protector-strong -Wformat -Werror=format-security -Wall -D_FORTIFY_SOURCE=2 conftest.c >&5
configure:4208: $? = 0
configure:4208: result: yes
configure:4208: checking for stdlib.h
configure:4208: gcc -c -g -O2 -fstack-protector-strong -Wformat -Werror=format-security -Wall -D_FORTIFY_SOURCE=2 conftest.c >&5
configure:4208: $? = 0
configure:4208: result: yes
configure:4208: checking for string.h
configure:4208: gcc -c -g -O2 -fstack-protector-strong -Wformat -Werror=format-security -Wall -D_FORTIFY_SOURCE=2 conftest.c >&5
configure:4208: $? = 0
configure:4208: result: yes
configure:4208: checking for memory.h
configure:4208: gcc -c -g -O2 -fstack-protector-strong -Wformat -Werror=format-security -Wall -D_FORTIFY_SOURCE=2 conftest.c >&5
configure:4208: $? = 0
configure:4208: result: yes
configure:4208: checking for strings.h
configure:4208: gcc -c -g -O2 -fstack-protector-strong -Wformat -Werror=format-security -Wall -D_FORTIFY_SOURCE=2 conftest.c >&5
configure:4208: $? = 0
configure:4208: result: yes
configure:4208: checking for inttypes.h
configure:4208: gcc -c -g -O2 -fstack-protector-strong -Wformat -Werror=format-security -Wall -D_FORTIFY_SOURCE=2 conftest.c >&5
configure:4208: $? = 0
configure:4208: result: yes
configure:4208: checking for stdint.h
configure:4208: gcc -c -g -O2 -fstack-protector-strong -Wformat -Werror=format-security -Wall -D_FORTIFY_SOURCE=2 conftest.c >&5
configure:4208: $? = 0
configure:4208: result: yes
configure:4208: checking for unistd.h
configure:4208: gcc -c -g -O2 -fstack-protector-strong -Wformat -Werror=format-security -Wall -D_FORTIFY_SOURCE=2 conftest.c >&5
configure:4208: $? = 0
configure:4208: result: yes
configure:4227: checking security/pam_appl.h usability
configure:4227: gcc -c -g -O2 -fstack-protector-strong -Wformat -Werror=format-security -Wall -D_FORTIFY_SOURCE=2 conftest.c >&5
configure:4227: $? = 0
configure:4227: result: yes
configure:4227: checking security/pam_appl.h presence
configure:4227: gcc -E -D_FORTIFY_SOURCE=2 conftest.c
configure:4227: $? = 0
configure:4227: result: yes
configure:4227: checking for security/pam_appl.h
configure:4227: result: yes
configure:4544: checking for Minix Amsterdam compiler
configure:4568: result: no
configure:4620: checking for ar
configure:4636: found /usr/bin/ar
configure:4647: result: ar
configure:4727: checking for ranlib
configure:4743: found /usr/bin/ranlib
configure:4754: result: ranlib
configure:4784: checking build system type
configure:4798: result: x86_64-pc-linux-gnu
configure:4818: checking host system type
configure:4831: result: x86_64-pc-linux-gnu
configure:4861: autobuild project... oath-toolkit
configure:4867: autobuild revision... 2.6.1
configure:4872: autobuild hostname... tluyben-ThinkPad-X220
configure:4883: autobuild timestamp... 20160727T185705Z
configure:4906: checking for a sed that does not truncate output
configure:4970: result: /bin/sed
configure:5211: checking that generated files are newer than configure
configure:5217: result: done
configure:5285: creating ./config.status

## ---------------------- ##
## Running config.status. ##
## ---------------------- ##

This file was extended by oath-toolkit config.status 2.6.1, which was
generated by GNU Autoconf 2.69.  Invocation command line was

  CONFIG_FILES    = 
  CONFIG_HEADERS  = 
  CONFIG_LINKS    = 
  CONFIG_COMMANDS = 
  $ ./config.status 

on tluyben-ThinkPad-X220

config.status:817: creating Makefile
config.status:817: creating gl/Makefile
config.status:817: creating gl/tests/Makefile
config.status:1020: executing depfiles commands
configure:6521: === configuring in liboath (/home/tluyben/Projects/oath-php/oath-toolkit-2.6.1/liboath)
configure:6584: running /bin/bash ./configure --disable-option-checking '--prefix=/usr'  '--build=x86_64-linux-gnu' '--includedir=${prefix}/include' '--mandir=${prefix}/share/man' '--infodir=${prefix}/share/info' '--sysconfdir=/etc' '--localstatedir=/var' '--libexecdir=${prefix}/lib/oath-toolkit' '--disable-maintainer-mode' '--disable-dependency-tracking' '--disable-silent-rules' '--enable-gtk-doc' '--enable-gtk-doc-pdf' '--with-pam-dir=/lib/security' '--disable-pskc' 'build_alias=x86_64-linux-gnu' 'CFLAGS=-g -O2 -fstack-protector-strong -Wformat -Werror=format-security -Wall' 'LDFLAGS=-Wl,-Bsymbolic-functions -Wl,-z,relro' 'CPPFLAGS=-D_FORTIFY_SOURCE=2' --cache-file=/dev/null --srcdir=.
configure:6521: === configuring in oathtool (/home/tluyben/Projects/oath-php/oath-toolkit-2.6.1/oathtool)
configure:6584: running /bin/bash ./configure --disable-option-checking '--prefix=/usr'  '--build=x86_64-linux-gnu' '--includedir=${prefix}/include' '--mandir=${prefix}/share/man' '--infodir=${prefix}/share/info' '--sysconfdir=/etc' '--localstatedir=/var' '--libexecdir=${prefix}/lib/oath-toolkit' '--disable-maintainer-mode' '--disable-dependency-tracking' '--disable-silent-rules' '--enable-gtk-doc' '--enable-gtk-doc-pdf' '--with-pam-dir=/lib/security' '--disable-pskc' 'build_alias=x86_64-linux-gnu' 'CFLAGS=-g -O2 -fstack-protector-strong -Wformat -Werror=format-security -Wall' 'LDFLAGS=-Wl,-Bsymbolic-functions -Wl,-z,relro' 'CPPFLAGS=-D_FORTIFY_SOURCE=2' --cache-file=/dev/null --srcdir=.
configure:6521: === configuring in pam_oath (/home/tluyben/Projects/oath-php/oath-toolkit-2.6.1/pam_oath)
configure:6584: running /bin/bash ./configure --disable-option-checking '--prefix=/usr'  '--build=x86_64-linux-gnu' '--includedir=${prefix}/include' '--mandir=${prefix}/share/man' '--infodir=${prefix}/share/info' '--sysconfdir=/etc' '--localstatedir=/var' '--libexecdir=${prefix}/lib/oath-toolkit' '--disable-maintainer-mode' '--disable-dependency-tracking' '--disable-silent-rules' '--enable-gtk-doc' '--enable-gtk-doc-pdf' '--with-pam-dir=/lib/security' '--disable-pskc' 'build_alias=x86_64-linux-gnu' 'CFLAGS=-g -O2 -fstack-protector-strong -Wformat -Werror=format-security -Wall' 'LDFLAGS=-Wl,-Bsymbolic-functions -Wl,-z,relro' 'CPPFLAGS=-D_FORTIFY_SOURCE=2' --cache-file=/dev/null --srcdir=.
configure:6608: summary of build options:

  version:          2.6.1
  Install prefix:   /usr
  Compiler:         gcc
  Build PAM module: yes
  PSKC:             no


## ---------------- ##
## Cache variables. ##
## ---------------- ##

ac_cv_build=x86_64-pc-linux-gnu
ac_cv_c_compiler_gnu=yes
ac_cv_env_CC_set=
ac_cv_env_CC_value=
ac_cv_env_CFLAGS_set=set
ac_cv_env_CFLAGS_value='-g -O2 -fstack-protector-strong -Wformat -Werror=format-security -Wall'
ac_cv_env_CPPFLAGS_set=set
ac_cv_env_CPPFLAGS_value=-D_FORTIFY_SOURCE=2
ac_cv_env_CPP_set=
ac_cv_env_CPP_value=
ac_cv_env_LDFLAGS_set=set
ac_cv_env_LDFLAGS_value='-Wl,-Bsymbolic-functions -Wl,-z,relro'
ac_cv_env_LIBS_set=
ac_cv_env_LIBS_value=
ac_cv_env_build_alias_set=set
ac_cv_env_build_alias_value=x86_64-linux-gnu
ac_cv_env_host_alias_set=
ac_cv_env_host_alias_value=
ac_cv_env_target_alias_set=
ac_cv_env_target_alias_value=
ac_cv_header_inttypes_h=yes
ac_cv_header_memory_h=yes
ac_cv_header_security_pam_appl_h=yes
ac_cv_header_stdc=yes
ac_cv_header_stdint_h=yes
ac_cv_header_stdlib_h=yes
ac_cv_header_string_h=yes
ac_cv_header_strings_h=yes
ac_cv_header_sys_stat_h=yes
ac_cv_header_sys_types_h=yes
ac_cv_header_unistd_h=yes
ac_cv_host=x86_64-pc-linux-gnu
ac_cv_objext=o
ac_cv_path_EGREP='/bin/grep -E'
ac_cv_path_GREP=/bin/grep
ac_cv_path_SED=/bin/sed
ac_cv_path_install='/usr/bin/install -c'
ac_cv_path_mkdir=/bin/mkdir
ac_cv_prog_AWK=mawk
ac_cv_prog_CPP='gcc -E'
ac_cv_prog_ac_ct_AR=ar
ac_cv_prog_ac_ct_CC=gcc
ac_cv_prog_ac_ct_RANLIB=ranlib
ac_cv_prog_cc_c89=
ac_cv_prog_cc_g=yes
ac_cv_prog_make_make_set=yes
am_cv_CC_dependencies_compiler_type=none
am_cv_make_support_nested_variables=yes
am_cv_prog_cc_c_o=yes
gl_cv_c_amsterdam_compiler=no

## ----------------- ##
## Output variables. ##
## ----------------- ##

ACLOCAL='${SHELL} /home/tluyben/Projects/oath-php/oath-toolkit-2.6.1/build-aux/missing aclocal-1.15'
AMDEPBACKSLASH=''
AMDEP_FALSE=''
AMDEP_TRUE='#'
AMTAR='$${TAR-tar}'
AM_BACKSLASH='\'
AM_DEFAULT_V='$(AM_DEFAULT_VERBOSITY)'
AM_DEFAULT_VERBOSITY='1'
AM_V='$(V)'
AR='ar'
ARFLAGS='cr'
AUTOCONF='${SHELL} /home/tluyben/Projects/oath-php/oath-toolkit-2.6.1/build-aux/missing autoconf'
AUTOHEADER='${SHELL} /home/tluyben/Projects/oath-php/oath-toolkit-2.6.1/build-aux/missing autoheader'
AUTOMAKE='${SHELL} /home/tluyben/Projects/oath-php/oath-toolkit-2.6.1/build-aux/missing automake-1.15'
AWK='mawk'
CC='gcc'
CCDEPMODE='depmode=none'
CFLAGS='-g -O2 -fstack-protector-strong -Wformat -Werror=format-security -Wall'
CPP='gcc -E'
CPPFLAGS='-D_FORTIFY_SOURCE=2'
CYGPATH_W='echo'
DEFS='-DPACKAGE_NAME=\"oath-toolkit\" -DPACKAGE_TARNAME=\"oath-toolkit\" -DPACKAGE_VERSION=\"2.6.1\" -DPACKAGE_STRING=\"oath-toolkit\ 2.6.1\" -DPACKAGE_BUGREPORT=\"oath-toolkit-help@nongnu.org\" -DPACKAGE_URL=\"http://www.nongnu.org/oath-toolkit/\" -DPACKAGE=\"oath-toolkit\" -DVERSION=\"2.6.1\" -DSTDC_HEADERS=1 -DHAVE_SYS_TYPES_H=1 -DHAVE_SYS_STAT_H=1 -DHAVE_STDLIB_H=1 -DHAVE_STRING_H=1 -DHAVE_MEMORY_H=1 -DHAVE_STRINGS_H=1 -DHAVE_INTTYPES_H=1 -DHAVE_STDINT_H=1 -DHAVE_UNISTD_H=1 -DHAVE_SECURITY_PAM_APPL_H=1'
DEPDIR='.deps'
ECHO_C=''
ECHO_N='-n'
ECHO_T=''
EGREP='/bin/grep -E'
ENABLE_PAM_FALSE='#'
ENABLE_PAM_TRUE=''
ENABLE_PSKC_FALSE=''
ENABLE_PSKC_TRUE='#'
EXEEXT=''
GL_COND_LIBTOOL_FALSE=''
GL_COND_LIBTOOL_TRUE='#'
GREP='/bin/grep'
INSTALL_DATA='${INSTALL} -m 644'
INSTALL_PROGRAM='${INSTALL}'
INSTALL_SCRIPT='${INSTALL}'
INSTALL_STRIP_PROGRAM='$(install_sh) -c -s'
LDFLAGS='-Wl,-Bsymbolic-functions -Wl,-z,relro'
LIBGNU_LIBDEPS=''
LIBGNU_LTLIBDEPS=''
LIBOBJS=''
LIBS=''
LTLIBOBJS=''
MAKEINFO='${SHELL} /home/tluyben/Projects/oath-php/oath-toolkit-2.6.1/build-aux/missing makeinfo'
MKDIR_P='/bin/mkdir -p'
OBJEXT='o'
PACKAGE='oath-toolkit'
PACKAGE_BUGREPORT='oath-toolkit-help@nongnu.org'
PACKAGE_NAME='oath-toolkit'
PACKAGE_STRING='oath-toolkit 2.6.1'
PACKAGE_TARNAME='oath-toolkit'
PACKAGE_URL='http://www.nongnu.org/oath-toolkit/'
PACKAGE_VERSION='2.6.1'
PATH_SEPARATOR=':'
RANLIB='ranlib'
SED='/bin/sed'
SET_MAKE=''
SHELL='/bin/bash'
STRIP=''
VERSION='2.6.1'
XML2_CONFIG=''
XML_CPPFLAGS=''
XML_LIBS=''
abs_aux_dir='/home/tluyben/Projects/oath-php/oath-toolkit-2.6.1/build-aux'
ac_ct_CC='gcc'
am__EXEEXT_FALSE=''
am__EXEEXT_TRUE='#'
am__fastdepCC_FALSE=''
am__fastdepCC_TRUE='#'
am__include='include'
am__isrc=''
am__leading_dot='.'
am__nodep=''
am__quote=''
am__tar='$${TAR-tar} chof - "$$tardir"'
am__untar='$${TAR-tar} xf -'
bindir='${exec_prefix}/bin'
build='x86_64-pc-linux-gnu'
build_alias='x86_64-linux-gnu'
build_cpu='x86_64'
build_os='linux-gnu'
build_vendor='pc'
datadir='${datarootdir}'
datarootdir='${prefix}/share'
docdir='${datarootdir}/doc/${PACKAGE_TARNAME}'
dvidir='${docdir}'
exec_prefix='${prefix}'
gl_LIBOBJS=''
gl_LTLIBOBJS=''
gltests_LIBOBJS=''
gltests_LTLIBOBJS=''
gltests_WITNESS='IN_OATH_TOOLKIT_GNULIB_TESTS'
host='x86_64-pc-linux-gnu'
host_alias=''
host_cpu='x86_64'
host_os='linux-gnu'
host_vendor='pc'
htmldir='${docdir}'
includedir='${prefix}/include'
infodir='${prefix}/share/info'
install_sh='${SHELL} /home/tluyben/Projects/oath-php/oath-toolkit-2.6.1/build-aux/install-sh'
libdir='${exec_prefix}/lib'
libexecdir='${prefix}/lib/oath-toolkit'
localedir='${datarootdir}/locale'
localstatedir='/var'
mandir='${prefix}/share/man'
mkdir_p='$(MKDIR_P)'
oldincludedir='/usr/include'
pdfdir='${docdir}'
prefix='/usr'
program_transform_name='s,x,x,'
psdir='${docdir}'
sbindir='${exec_prefix}/sbin'
sharedstatedir='${prefix}/com'
subdirs=' liboath oathtool pam_oath'
sysconfdir='/etc'
target_alias=''

## ----------- ##
## confdefs.h. ##
## ----------- ##

/* confdefs.h */
#define PACKAGE_NAME "oath-toolkit"
#define PACKAGE_TARNAME "oath-toolkit"
#define PACKAGE_VERSION "2.6.1"
#define PACKAGE_STRING "oath-toolkit 2.6.1"
#define PACKAGE_BUGREPORT "oath-toolkit-help@nongnu.org"
#define PACKAGE_URL "http://www.nongnu.org/oath-toolkit/"
#define PACKAGE "oath-toolkit"
#define VERSION "2.6.1"
#define STDC_HEADERS 1
#define HAVE_SYS_TYPES_H 1
#define HAVE_SYS_STAT_H 1
#define HAVE_STDLIB_H 1
#define HAVE_STRING_H 1
#define HAVE_MEMORY_H 1
#define HAVE_STRINGS_H 1
#define HAVE_INTTYPES_H 1
#define HAVE_STDINT_H 1
#define HAVE_UNISTD_H 1
#define HAVE_SECURITY_PAM_APPL_H 1

configure: exit 0
