This file contains any messages produced by compilers while
running configure, to aid debugging if configure makes a mistake.

It was created by pam_oath configure UNKNOWN, which was
generated by GNU Autoconf 2.69.  Invocation command line was

  $ ./configure --disable-option-checking --prefix=/usr --build=x86_64-linux-gnu --includedir=${prefix}/include --mandir=${prefix}/share/man --infodir=${prefix}/share/info --sysconfdir=/etc --localstatedir=/var --libexecdir=${prefix}/lib/oath-toolkit --disable-maintainer-mode --disable-dependency-tracking --disable-silent-rules --enable-gtk-doc --enable-gtk-doc-pdf --with-pam-dir=/lib/security --disable-pskc build_alias=x86_64-linux-gnu CFLAGS=-g -O2 -fstack-protector-strong -Wformat -Werror=format-security -Wall LDFLAGS=-Wl,-Bsymbolic-functions -Wl,-z,relro CPPFLAGS=-D_FORTIFY_SOURCE=2 --cache-file=/dev/null --srcdir=.

## --------- ##
## Platform. ##
## --------- ##

hostname = tluyben-ThinkPad-X220
uname -m = x86_64
uname -r = 4.2.0-27-generic
uname -s = Linux
uname -v = #32-Ubuntu SMP Fri Jan 22 04:49:08 UTC 2016

/usr/bin/uname -p = unknown
/bin/uname -X     = unknown

/bin/arch              = unknown
/usr/bin/arch -k       = unknown
/usr/convex/getsysinfo = unknown
/usr/bin/hostinfo      = unknown
/bin/machine           = unknown
/usr/bin/oslevel       = unknown
/bin/universe          = unknown

PATH: /usr/sbin
PATH: /usr/bin
PATH: /sbin
PATH: /bin
PATH: /usr/bin/X11


## ----------- ##
## Core tests. ##
## ----------- ##

configure:2262: checking for a BSD-compatible install
configure:2330: result: /usr/bin/install -c
configure:2341: checking whether build environment is sane
configure:2396: result: yes
configure:2547: checking for a thread-safe mkdir -p
configure:2586: result: /bin/mkdir -p
configure:2593: checking for gawk
configure:2623: result: no
configure:2593: checking for mawk
configure:2609: found /usr/bin/mawk
configure:2620: result: mawk
configure:2631: checking whether make sets $(MAKE)
configure:2653: result: yes
configure:2682: checking whether make supports nested variables
configure:2699: result: yes
configure:2836: checking whether make supports nested variables
configure:2853: result: yes
configure:2913: checking for gcc
configure:2929: found /usr/bin/gcc
configure:2940: result: gcc
configure:3169: checking for C compiler version
configure:3178: gcc --version >&5
gcc (Ubuntu 5.2.1-22ubuntu2) 5.2.1 20151010
Copyright (C) 2015 Free Software Foundation, Inc.
This is free software; see the source for copying conditions.  There is NO
warranty; not even for MERCHANTABILITY or FITNESS FOR A PARTICULAR PURPOSE.

configure:3189: $? = 0
configure:3178: gcc -v >&5
Using built-in specs.
COLLECT_GCC=gcc
COLLECT_LTO_WRAPPER=/usr/lib/gcc/x86_64-linux-gnu/5/lto-wrapper
Target: x86_64-linux-gnu
Configured with: ../src/configure -v --with-pkgversion='Ubuntu 5.2.1-22ubuntu2' --with-bugurl=file:///usr/share/doc/gcc-5/README.Bugs --enable-languages=c,ada,c++,java,go,d,fortran,objc,obj-c++ --prefix=/usr --program-suffix=-5 --enable-shared --enable-linker-build-id --libexecdir=/usr/lib --without-included-gettext --enable-threads=posix --libdir=/usr/lib --enable-nls --with-sysroot=/ --enable-clocale=gnu --enable-libstdcxx-debug --enable-libstdcxx-time=yes --with-default-libstdcxx-abi=new --enable-gnu-unique-object --disable-vtable-verify --enable-libmpx --enable-plugin --with-system-zlib --disable-browser-plugin --enable-java-awt=gtk --enable-gtk-cairo --with-java-home=/usr/lib/jvm/java-1.5.0-gcj-5-amd64/jre --enable-java-home --with-jvm-root-dir=/usr/lib/jvm/java-1.5.0-gcj-5-amd64 --with-jvm-jar-dir=/usr/lib/jvm-exports/java-1.5.0-gcj-5-amd64 --with-arch-directory=amd64 --with-ecj-jar=/usr/share/java/eclipse-ecj.jar --enable-objc-gc --enable-multiarch --disable-werror --with-arch-32=i686 --with-abi=m64 --with-multilib-list=m32,m64,mx32 --enable-multilib --with-tune=generic --enable-checking=release --build=x86_64-linux-gnu --host=x86_64-linux-gnu --target=x86_64-linux-gnu
Thread model: posix
gcc version 5.2.1 20151010 (Ubuntu 5.2.1-22ubuntu2) 
configure:3189: $? = 0
configure:3178: gcc -V >&5
gcc: error: unrecognized command line option '-V'
gcc: fatal error: no input files
compilation terminated.
configure:3189: $? = 1
configure:3178: gcc -qversion >&5
gcc: error: unrecognized command line option '-qversion'
gcc: fatal error: no input files
compilation terminated.
configure:3189: $? = 1
configure:3209: checking whether the C compiler works
configure:3231: gcc -g -O2 -fstack-protector-strong -Wformat -Werror=format-security -Wall -D_FORTIFY_SOURCE=2 -Wl,-Bsymbolic-functions -Wl,-z,relro conftest.c  >&5
configure:3235: $? = 0
configure:3283: result: yes
configure:3286: checking for C compiler default output file name
configure:3288: result: a.out
configure:3294: checking for suffix of executables
configure:3301: gcc -o conftest -g -O2 -fstack-protector-strong -Wformat -Werror=format-security -Wall -D_FORTIFY_SOURCE=2 -Wl,-Bsymbolic-functions -Wl,-z,relro conftest.c  >&5
configure:3305: $? = 0
configure:3327: result: 
configure:3349: checking whether we are cross compiling
configure:3357: gcc -o conftest -g -O2 -fstack-protector-strong -Wformat -Werror=format-security -Wall -D_FORTIFY_SOURCE=2 -Wl,-Bsymbolic-functions -Wl,-z,relro conftest.c  >&5
configure:3361: $? = 0
configure:3368: ./conftest
configure:3372: $? = 0
configure:3387: result: no
configure:3392: checking for suffix of object files
configure:3414: gcc -c -g -O2 -fstack-protector-strong -Wformat -Werror=format-security -Wall -D_FORTIFY_SOURCE=2 conftest.c >&5
configure:3418: $? = 0
configure:3439: result: o
configure:3443: checking whether we are using the GNU C compiler
configure:3462: gcc -c -g -O2 -fstack-protector-strong -Wformat -Werror=format-security -Wall -D_FORTIFY_SOURCE=2 conftest.c >&5
configure:3462: $? = 0
configure:3471: result: yes
configure:3480: checking whether gcc accepts -g
configure:3500: gcc -c -g -D_FORTIFY_SOURCE=2 conftest.c >&5
configure:3500: $? = 0
configure:3541: result: yes
configure:3558: checking for gcc option to accept ISO C89
configure:3621: gcc  -c -g -O2 -fstack-protector-strong -Wformat -Werror=format-security -Wall -D_FORTIFY_SOURCE=2 conftest.c >&5
configure:3621: $? = 0
configure:3634: result: none needed
configure:3659: checking whether gcc understands -c and -o together
configure:3681: gcc -c conftest.c -o conftest2.o
configure:3684: $? = 0
configure:3681: gcc -c conftest.c -o conftest2.o
configure:3684: $? = 0
configure:3696: result: yes
configure:3724: checking for style of include used by make
configure:3752: result: GNU
configure:3778: checking dependency style of gcc
configure:3889: result: none
configure:3908: checking build system type
configure:3922: result: x86_64-pc-linux-gnu
configure:3942: checking host system type
configure:3955: result: x86_64-pc-linux-gnu
configure:4359: checking for ar
configure:4375: found /usr/bin/ar
configure:4386: result: ar
configure:4412: checking the archiver (ar) interface
configure:4428: gcc -c -g -O2 -fstack-protector-strong -Wformat -Werror=format-security -Wall -D_FORTIFY_SOURCE=2 conftest.c >&5
configure:4428: $? = 0
configure:4430: ar cru libconftest.a conftest.o >&5
ar: `u' modifier ignored since `D' is the default (see `U')
configure:4433: $? = 0
configure:4461: result: ar
configure:4527: checking how to print strings
configure:4554: result: printf
configure:4575: checking for a sed that does not truncate output
configure:4639: result: /bin/sed
configure:4657: checking for grep that handles long lines and -e
configure:4715: result: /bin/grep
configure:4720: checking for egrep
configure:4782: result: /bin/grep -E
configure:4787: checking for fgrep
configure:4849: result: /bin/grep -F
configure:4884: checking for ld used by gcc
configure:4951: result: /usr/bin/ld
configure:4958: checking if the linker (/usr/bin/ld) is GNU ld
configure:4973: result: yes
configure:4985: checking for BSD- or MS-compatible name lister (nm)
configure:5034: result: /usr/bin/nm -B
configure:5164: checking the name lister (/usr/bin/nm -B) interface
configure:5171: gcc -c -g -O2 -fstack-protector-strong -Wformat -Werror=format-security -Wall -D_FORTIFY_SOURCE=2 conftest.c >&5
configure:5174: /usr/bin/nm -B "conftest.o"
configure:5177: output
0000000000000000 B some_variable
configure:5184: result: BSD nm
configure:5187: checking whether ln -s works
configure:5191: result: yes
configure:5199: checking the maximum length of command line arguments
configure:5330: result: 1572864
configure:5347: checking whether the shell understands some XSI constructs
configure:5357: result: yes
configure:5361: checking whether the shell understands "+="
configure:5367: result: yes
configure:5402: checking how to convert x86_64-pc-linux-gnu file names to x86_64-pc-linux-gnu format
configure:5442: result: func_convert_file_noop
configure:5449: checking how to convert x86_64-pc-linux-gnu file names to toolchain format
configure:5469: result: func_convert_file_noop
configure:5476: checking for /usr/bin/ld option to reload object files
configure:5483: result: -r
configure:5557: checking for objdump
configure:5584: result: objdump
configure:5613: checking how to recognize dependent libraries
configure:5811: result: pass_all
configure:5896: checking for dlltool
configure:5923: result: dlltool
configure:5953: checking how to associate runtime and link libraries
configure:5980: result: printf %s\n
configure:6104: checking for archiver @FILE support
configure:6121: gcc -c -g -O2 -fstack-protector-strong -Wformat -Werror=format-security -Wall -D_FORTIFY_SOURCE=2 conftest.c >&5
configure:6121: $? = 0
configure:6124: ar cru libconftest.a @conftest.lst >&5
ar: `u' modifier ignored since `D' is the default (see `U')
configure:6127: $? = 0
configure:6132: ar cru libconftest.a @conftest.lst >&5
ar: `u' modifier ignored since `D' is the default (see `U')
ar: conftest.o: No such file or directory
configure:6135: $? = 1
configure:6147: result: @
configure:6205: checking for strip
configure:6221: found /usr/bin/strip
configure:6232: result: strip
configure:6304: checking for ranlib
configure:6320: found /usr/bin/ranlib
configure:6331: result: ranlib
configure:6433: checking command to parse /usr/bin/nm -B output from gcc object
configure:6553: gcc -c -g -O2 -fstack-protector-strong -Wformat -Werror=format-security -Wall -D_FORTIFY_SOURCE=2 conftest.c >&5
configure:6556: $? = 0
configure:6560: /usr/bin/nm -B conftest.o \| sed -n -e 's/^.*[ ]\([ABCDGIRSTW][ABCDGIRSTW]*\)[ ][ ]*\([_A-Za-z][_A-Za-z0-9]*\)$/\1 \2 \2/p' | sed '/ __gnu_lto/d' \> conftest.nm
configure:6563: $? = 0
configure:6629: gcc -o conftest -g -O2 -fstack-protector-strong -Wformat -Werror=format-security -Wall -D_FORTIFY_SOURCE=2 -Wl,-Bsymbolic-functions -Wl,-z,relro conftest.c conftstm.o >&5
configure:6632: $? = 0
configure:6670: result: ok
configure:6707: checking for sysroot
configure:6737: result: no
configure:6814: gcc -c -g -O2 -fstack-protector-strong -Wformat -Werror=format-security -Wall -D_FORTIFY_SOURCE=2 conftest.c >&5
configure:6817: $? = 0
configure:7006: checking for mt
configure:7022: found /bin/mt
configure:7033: result: mt
configure:7056: checking if mt is a manifest tool
configure:7062: mt '-?'
configure:7070: result: no
configure:7712: checking how to run the C preprocessor
configure:7743: gcc -E -D_FORTIFY_SOURCE=2 conftest.c
configure:7743: $? = 0
configure:7757: gcc -E -D_FORTIFY_SOURCE=2 conftest.c
conftest.c:11:28: fatal error: ac_nonexistent.h: No such file or directory
compilation terminated.
configure:7757: $? = 1
configure: failed program was:
| /* confdefs.h */
| #define PACKAGE_NAME "pam_oath"
| #define PACKAGE_TARNAME "pam_oath"
| #define PACKAGE_VERSION "UNKNOWN"
| #define PACKAGE_STRING "pam_oath UNKNOWN"
| #define PACKAGE_BUGREPORT "oath-toolkit-help@nongnu.org"
| #define PACKAGE_URL "http://www.nongnu.org/oath-toolkit/"
| #define PACKAGE "pam_oath"
| #define VERSION "UNKNOWN"
| /* end confdefs.h.  */
| #include <ac_nonexistent.h>
configure:7782: result: gcc -E
configure:7802: gcc -E -D_FORTIFY_SOURCE=2 conftest.c
configure:7802: $? = 0
configure:7816: gcc -E -D_FORTIFY_SOURCE=2 conftest.c
conftest.c:11:28: fatal error: ac_nonexistent.h: No such file or directory
compilation terminated.
configure:7816: $? = 1
configure: failed program was:
| /* confdefs.h */
| #define PACKAGE_NAME "pam_oath"
| #define PACKAGE_TARNAME "pam_oath"
| #define PACKAGE_VERSION "UNKNOWN"
| #define PACKAGE_STRING "pam_oath UNKNOWN"
| #define PACKAGE_BUGREPORT "oath-toolkit-help@nongnu.org"
| #define PACKAGE_URL "http://www.nongnu.org/oath-toolkit/"
| #define PACKAGE "pam_oath"
| #define VERSION "UNKNOWN"
| /* end confdefs.h.  */
| #include <ac_nonexistent.h>
configure:7845: checking for ANSI C header files
configure:7865: gcc -c -g -O2 -fstack-protector-strong -Wformat -Werror=format-security -Wall -D_FORTIFY_SOURCE=2 conftest.c >&5
configure:7865: $? = 0
configure:7938: gcc -o conftest -g -O2 -fstack-protector-strong -Wformat -Werror=format-security -Wall -D_FORTIFY_SOURCE=2 -Wl,-Bsymbolic-functions -Wl,-z,relro conftest.c  >&5
configure:7938: $? = 0
configure:7938: ./conftest
configure:7938: $? = 0
configure:7949: result: yes
configure:7962: checking for sys/types.h
configure:7962: gcc -c -g -O2 -fstack-protector-strong -Wformat -Werror=format-security -Wall -D_FORTIFY_SOURCE=2 conftest.c >&5
configure:7962: $? = 0
configure:7962: result: yes
configure:7962: checking for sys/stat.h
configure:7962: gcc -c -g -O2 -fstack-protector-strong -Wformat -Werror=format-security -Wall -D_FORTIFY_SOURCE=2 conftest.c >&5
configure:7962: $? = 0
configure:7962: result: yes
configure:7962: checking for stdlib.h
configure:7962: gcc -c -g -O2 -fstack-protector-strong -Wformat -Werror=format-security -Wall -D_FORTIFY_SOURCE=2 conftest.c >&5
configure:7962: $? = 0
configure:7962: result: yes
configure:7962: checking for string.h
configure:7962: gcc -c -g -O2 -fstack-protector-strong -Wformat -Werror=format-security -Wall -D_FORTIFY_SOURCE=2 conftest.c >&5
configure:7962: $? = 0
configure:7962: result: yes
configure:7962: checking for memory.h
configure:7962: gcc -c -g -O2 -fstack-protector-strong -Wformat -Werror=format-security -Wall -D_FORTIFY_SOURCE=2 conftest.c >&5
configure:7962: $? = 0
configure:7962: result: yes
configure:7962: checking for strings.h
configure:7962: gcc -c -g -O2 -fstack-protector-strong -Wformat -Werror=format-security -Wall -D_FORTIFY_SOURCE=2 conftest.c >&5
configure:7962: $? = 0
configure:7962: result: yes
configure:7962: checking for inttypes.h
configure:7962: gcc -c -g -O2 -fstack-protector-strong -Wformat -Werror=format-security -Wall -D_FORTIFY_SOURCE=2 conftest.c >&5
configure:7962: $? = 0
configure:7962: result: yes
configure:7962: checking for stdint.h
configure:7962: gcc -c -g -O2 -fstack-protector-strong -Wformat -Werror=format-security -Wall -D_FORTIFY_SOURCE=2 conftest.c >&5
configure:7962: $? = 0
configure:7962: result: yes
configure:7962: checking for unistd.h
configure:7962: gcc -c -g -O2 -fstack-protector-strong -Wformat -Werror=format-security -Wall -D_FORTIFY_SOURCE=2 conftest.c >&5
configure:7962: $? = 0
configure:7962: result: yes
configure:7976: checking for dlfcn.h
configure:7976: gcc -c -g -O2 -fstack-protector-strong -Wformat -Werror=format-security -Wall -D_FORTIFY_SOURCE=2 conftest.c >&5
configure:7976: $? = 0
configure:7976: result: yes
configure:8150: checking for objdir
configure:8165: result: .libs
configure:8436: checking if gcc supports -fno-rtti -fno-exceptions
configure:8454: gcc -c -g -O2 -fstack-protector-strong -Wformat -Werror=format-security -Wall -D_FORTIFY_SOURCE=2 -fno-rtti -fno-exceptions conftest.c >&5
cc1: warning: command line option '-fno-rtti' is valid for C++/ObjC++ but not for C
configure:8458: $? = 0
configure:8471: result: no
configure:8798: checking for gcc option to produce PIC
configure:8805: result: -fPIC -DPIC
configure:8813: checking if gcc PIC flag -fPIC -DPIC works
configure:8831: gcc -c -g -O2 -fstack-protector-strong -Wformat -Werror=format-security -Wall -D_FORTIFY_SOURCE=2 -fPIC -DPIC -DPIC conftest.c >&5
configure:8835: $? = 0
configure:8848: result: yes
configure:8877: checking if gcc static flag -static works
configure:8905: result: yes
configure:8920: checking if gcc supports -c -o file.o
configure:8941: gcc -c -g -O2 -fstack-protector-strong -Wformat -Werror=format-security -Wall -D_FORTIFY_SOURCE=2 -o out/conftest2.o conftest.c >&5
configure:8945: $? = 0
configure:8967: result: yes
configure:8975: checking if gcc supports -c -o file.o
configure:9022: result: yes
configure:9055: checking whether the gcc linker (/usr/bin/ld -m elf_x86_64) supports shared libraries
configure:10212: result: yes
configure:10249: checking whether -lc should be explicitly linked in
configure:10257: gcc -c -g -O2 -fstack-protector-strong -Wformat -Werror=format-security -Wall -D_FORTIFY_SOURCE=2 conftest.c >&5
configure:10260: $? = 0
configure:10275: gcc -shared  -fPIC -DPIC conftest.o  -v -Wl,-soname -Wl,conftest -o conftest 2\>\&1 \| /bin/grep  -lc  \>/dev/null 2\>\&1
configure:10278: $? = 0
configure:10292: result: no
configure:10452: checking dynamic linker characteristics
configure:10952: gcc -o conftest -g -O2 -fstack-protector-strong -Wformat -Werror=format-security -Wall -D_FORTIFY_SOURCE=2 -Wl,-Bsymbolic-functions -Wl,-z,relro -Wl,-rpath -Wl,/foo conftest.c  >&5
configure:10952: $? = 0
configure:11186: result: GNU/Linux ld.so
configure:11293: checking how to hardcode library paths into programs
configure:11318: result: immediate
configure:11858: checking whether stripping libraries is possible
configure:11863: result: yes
configure:11898: checking if libtool supports shared libraries
configure:11900: result: yes
configure:11903: checking whether to build shared libraries
configure:11924: result: yes
configure:11927: checking whether to build static libraries
configure:11931: result: no
configure:11971: checking security/pam_appl.h usability
configure:11971: gcc -c -g -O2 -fstack-protector-strong -Wformat -Werror=format-security -Wall -D_FORTIFY_SOURCE=2 conftest.c >&5
configure:11971: $? = 0
configure:11971: result: yes
configure:11971: checking security/pam_appl.h presence
configure:11971: gcc -E -D_FORTIFY_SOURCE=2 conftest.c
configure:11971: $? = 0
configure:11971: result: yes
configure:11971: checking for security/pam_appl.h
configure:11971: result: yes
configure:11986: checking for security/pam_modules.h
configure:11986: gcc -c -g -O2 -fstack-protector-strong -Wformat -Werror=format-security -Wall -D_FORTIFY_SOURCE=2 conftest.c >&5
configure:11986: $? = 0
configure:11986: result: yes
configure:11986: checking for security/_pam_macros.h
configure:11986: gcc -c -g -O2 -fstack-protector-strong -Wformat -Werror=format-security -Wall -D_FORTIFY_SOURCE=2 conftest.c >&5
configure:11986: $? = 0
configure:11986: result: yes
configure:11998: checking for pam_get_item in -lpam
configure:12023: gcc -o conftest -g -O2 -fstack-protector-strong -Wformat -Werror=format-security -Wall -D_FORTIFY_SOURCE=2 -Wl,-Bsymbolic-functions -Wl,-z,relro conftest.c -lpam   >&5
configure:12023: $? = 0
configure:12032: result: yes
configure:12056: PAM installation path /lib/security
configure:12186: checking that generated files are newer than configure
configure:12192: result: done
configure:12219: creating ./config.status

## ---------------------- ##
## Running config.status. ##
## ---------------------- ##

This file was extended by pam_oath config.status UNKNOWN, which was
generated by GNU Autoconf 2.69.  Invocation command line was

  CONFIG_FILES    = 
  CONFIG_HEADERS  = 
  CONFIG_LINKS    = 
  CONFIG_COMMANDS = 
  $ ./config.status 

on tluyben-ThinkPad-X220

config.status:1091: creating Makefile
config.status:1091: creating tests/Makefile
config.status:1091: creating config.h
config.status:1320: executing depfiles commands
config.status:1320: executing libtool commands

## ---------------- ##
## Cache variables. ##
## ---------------- ##

ac_cv_build=x86_64-pc-linux-gnu
ac_cv_c_compiler_gnu=yes
ac_cv_env_CC_set=
ac_cv_env_CC_value=
ac_cv_env_CFLAGS_set=set
ac_cv_env_CFLAGS_value='-g -O2 -fstack-protector-strong -Wformat -Werror=format-security -Wall'
ac_cv_env_CPPFLAGS_set=set
ac_cv_env_CPPFLAGS_value=-D_FORTIFY_SOURCE=2
ac_cv_env_CPP_set=
ac_cv_env_CPP_value=
ac_cv_env_LDFLAGS_set=set
ac_cv_env_LDFLAGS_value='-Wl,-Bsymbolic-functions -Wl,-z,relro'
ac_cv_env_LIBS_set=
ac_cv_env_LIBS_value=
ac_cv_env_build_alias_set=set
ac_cv_env_build_alias_value=x86_64-linux-gnu
ac_cv_env_host_alias_set=
ac_cv_env_host_alias_value=
ac_cv_env_target_alias_set=
ac_cv_env_target_alias_value=
ac_cv_header_dlfcn_h=yes
ac_cv_header_inttypes_h=yes
ac_cv_header_memory_h=yes
ac_cv_header_security__pam_macros_h=yes
ac_cv_header_security_pam_appl_h=yes
ac_cv_header_security_pam_modules_h=yes
ac_cv_header_stdc=yes
ac_cv_header_stdint_h=yes
ac_cv_header_stdlib_h=yes
ac_cv_header_string_h=yes
ac_cv_header_strings_h=yes
ac_cv_header_sys_stat_h=yes
ac_cv_header_sys_types_h=yes
ac_cv_header_unistd_h=yes
ac_cv_host=x86_64-pc-linux-gnu
ac_cv_lib_pam_pam_get_item=yes
ac_cv_objext=o
ac_cv_path_EGREP='/bin/grep -E'
ac_cv_path_FGREP='/bin/grep -F'
ac_cv_path_GREP=/bin/grep
ac_cv_path_SED=/bin/sed
ac_cv_path_install='/usr/bin/install -c'
ac_cv_path_mkdir=/bin/mkdir
ac_cv_prog_AWK=mawk
ac_cv_prog_CPP='gcc -E'
ac_cv_prog_ac_ct_AR=ar
ac_cv_prog_ac_ct_CC=gcc
ac_cv_prog_ac_ct_DLLTOOL=dlltool
ac_cv_prog_ac_ct_MANIFEST_TOOL=mt
ac_cv_prog_ac_ct_OBJDUMP=objdump
ac_cv_prog_ac_ct_RANLIB=ranlib
ac_cv_prog_ac_ct_STRIP=strip
ac_cv_prog_cc_c89=
ac_cv_prog_cc_g=yes
ac_cv_prog_make_make_set=yes
am_cv_CC_dependencies_compiler_type=none
am_cv_ar_interface=ar
am_cv_make_support_nested_variables=yes
am_cv_prog_cc_c_o=yes
lt_cv_ar_at_file=@
lt_cv_archive_cmds_need_lc=no
lt_cv_deplibs_check_method=pass_all
lt_cv_file_magic_cmd='$MAGIC_CMD'
lt_cv_file_magic_test_file=
lt_cv_ld_reload_flag=-r
lt_cv_nm_interface='BSD nm'
lt_cv_objdir=.libs
lt_cv_path_LD=/usr/bin/ld
lt_cv_path_NM='/usr/bin/nm -B'
lt_cv_path_mainfest_tool=no
lt_cv_prog_compiler_c_o=yes
lt_cv_prog_compiler_pic='-fPIC -DPIC'
lt_cv_prog_compiler_pic_works=yes
lt_cv_prog_compiler_rtti_exceptions=no
lt_cv_prog_compiler_static_works=yes
lt_cv_prog_gnu_ld=yes
lt_cv_sharedlib_from_linklib_cmd='printf %s\n'
lt_cv_shlibpath_overrides_runpath=no
lt_cv_sys_global_symbol_pipe='sed -n -e '\''s/^.*[	 ]\([ABCDGIRSTW][ABCDGIRSTW]*\)[	 ][	 ]*\([_A-Za-z][_A-Za-z0-9]*\)$/\1 \2 \2/p'\'' | sed '\''/ __gnu_lto/d'\'''
lt_cv_sys_global_symbol_to_c_name_address='sed -n -e '\''s/^: \([^ ]*\)[ ]*$/  {\"\1\", (void *) 0},/p'\'' -e '\''s/^[ABCDGIRSTW]* \([^ ]*\) \([^ ]*\)$/  {"\2", (void *) \&\2},/p'\'''
lt_cv_sys_global_symbol_to_c_name_address_lib_prefix='sed -n -e '\''s/^: \([^ ]*\)[ ]*$/  {\"\1\", (void *) 0},/p'\'' -e '\''s/^[ABCDGIRSTW]* \([^ ]*\) \(lib[^ ]*\)$/  {"\2", (void *) \&\2},/p'\'' -e '\''s/^[ABCDGIRSTW]* \([^ ]*\) \([^ ]*\)$/  {"lib\2", (void *) \&\2},/p'\'''
lt_cv_sys_global_symbol_to_cdecl='sed -n -e '\''s/^T .* \(.*\)$/extern int \1();/p'\'' -e '\''s/^[ABCDGIRSTW]* .* \(.*\)$/extern char \1;/p'\'''
lt_cv_sys_max_cmd_len=1572864
lt_cv_to_host_file_cmd=func_convert_file_noop
lt_cv_to_tool_file_cmd=func_convert_file_noop

## ----------------- ##
## Output variables. ##
## ----------------- ##

ACLOCAL='${SHELL} /home/tluyben/Projects/oath-php/oath-toolkit-2.6.1/pam_oath/build-aux/missing aclocal-1.15'
AMDEPBACKSLASH=''
AMDEP_FALSE=''
AMDEP_TRUE='#'
AMTAR='$${TAR-tar}'
AM_BACKSLASH='\'
AM_DEFAULT_V='$(AM_DEFAULT_VERBOSITY)'
AM_DEFAULT_VERBOSITY='1'
AM_V='$(V)'
AR='ar'
AS='as'
AUTOCONF='${SHELL} /home/tluyben/Projects/oath-php/oath-toolkit-2.6.1/pam_oath/build-aux/missing autoconf'
AUTOHEADER='${SHELL} /home/tluyben/Projects/oath-php/oath-toolkit-2.6.1/pam_oath/build-aux/missing autoheader'
AUTOMAKE='${SHELL} /home/tluyben/Projects/oath-php/oath-toolkit-2.6.1/pam_oath/build-aux/missing automake-1.15'
AWK='mawk'
CC='gcc'
CCDEPMODE='depmode=none'
CFLAGS='-g -O2 -fstack-protector-strong -Wformat -Werror=format-security -Wall'
CPP='gcc -E'
CPPFLAGS='-D_FORTIFY_SOURCE=2'
CYGPATH_W='echo'
DEFS='-DHAVE_CONFIG_H'
DEPDIR='.deps'
DLLTOOL='dlltool'
DSYMUTIL=''
DUMPBIN=''
ECHO_C=''
ECHO_N='-n'
ECHO_T=''
EGREP='/bin/grep -E'
EXEEXT=''
FGREP='/bin/grep -F'
GREP='/bin/grep'
INSTALL_DATA='${INSTALL} -m 644'
INSTALL_PROGRAM='${INSTALL}'
INSTALL_SCRIPT='${INSTALL}'
INSTALL_STRIP_PROGRAM='$(install_sh) -c -s'
LD='/usr/bin/ld -m elf_x86_64'
LDFLAGS='-Wl,-Bsymbolic-functions -Wl,-z,relro'
LIBOBJS=''
LIBS='-lpam '
LIBTOOL='$(SHELL) $(top_builddir)/libtool'
LIPO=''
LN_S='ln -s'
LTLIBOBJS=''
MAKEINFO='${SHELL} /home/tluyben/Projects/oath-php/oath-toolkit-2.6.1/pam_oath/build-aux/missing makeinfo'
MANIFEST_TOOL=':'
MKDIR_P='/bin/mkdir -p'
NM='/usr/bin/nm -B'
NMEDIT=''
OBJDUMP='objdump'
OBJEXT='o'
OTOOL64=''
OTOOL=''
PACKAGE='pam_oath'
PACKAGE_BUGREPORT='oath-toolkit-help@nongnu.org'
PACKAGE_NAME='pam_oath'
PACKAGE_STRING='pam_oath UNKNOWN'
PACKAGE_TARNAME='pam_oath'
PACKAGE_URL='http://www.nongnu.org/oath-toolkit/'
PACKAGE_VERSION='UNKNOWN'
PAMDIR='/lib/security'
PATH_SEPARATOR=':'
RANLIB='ranlib'
ROOT_TESTS_FALSE=''
ROOT_TESTS_TRUE='#'
SED='/bin/sed'
SET_MAKE=''
SHELL='/bin/bash'
STRIP='strip'
VERSION='UNKNOWN'
ac_ct_AR='ar'
ac_ct_CC='gcc'
ac_ct_DUMPBIN=''
am__EXEEXT_FALSE=''
am__EXEEXT_TRUE='#'
am__fastdepCC_FALSE=''
am__fastdepCC_TRUE='#'
am__include='include'
am__isrc=''
am__leading_dot='.'
am__nodep=''
am__quote=''
am__tar='$${TAR-tar} chof - "$$tardir"'
am__untar='$${TAR-tar} xf -'
bindir='${exec_prefix}/bin'
build='x86_64-pc-linux-gnu'
build_alias='x86_64-linux-gnu'
build_cpu='x86_64'
build_os='linux-gnu'
build_vendor='pc'
datadir='${datarootdir}'
datarootdir='${prefix}/share'
docdir='${datarootdir}/doc/${PACKAGE_TARNAME}'
dvidir='${docdir}'
exec_prefix='${prefix}'
host='x86_64-pc-linux-gnu'
host_alias=''
host_cpu='x86_64'
host_os='linux-gnu'
host_vendor='pc'
htmldir='${docdir}'
includedir='${prefix}/include'
infodir='${prefix}/share/info'
install_sh='${SHELL} /home/tluyben/Projects/oath-php/oath-toolkit-2.6.1/pam_oath/build-aux/install-sh'
libdir='${exec_prefix}/lib'
libexecdir='${prefix}/lib/oath-toolkit'
localedir='${datarootdir}/locale'
localstatedir='/var'
mandir='${prefix}/share/man'
mkdir_p='$(MKDIR_P)'
oldincludedir='/usr/include'
pdfdir='${docdir}'
prefix='/usr'
program_transform_name='s,x,x,'
psdir='${docdir}'
sbindir='${exec_prefix}/sbin'
sharedstatedir='${prefix}/com'
sysconfdir='/etc'
target_alias=''

## ----------- ##
## confdefs.h. ##
## ----------- ##

/* confdefs.h */
#define PACKAGE_NAME "pam_oath"
#define PACKAGE_TARNAME "pam_oath"
#define PACKAGE_VERSION "UNKNOWN"
#define PACKAGE_STRING "pam_oath UNKNOWN"
#define PACKAGE_BUGREPORT "oath-toolkit-help@nongnu.org"
#define PACKAGE_URL "http://www.nongnu.org/oath-toolkit/"
#define PACKAGE "pam_oath"
#define VERSION "UNKNOWN"
#define STDC_HEADERS 1
#define HAVE_SYS_TYPES_H 1
#define HAVE_SYS_STAT_H 1
#define HAVE_STDLIB_H 1
#define HAVE_STRING_H 1
#define HAVE_MEMORY_H 1
#define HAVE_STRINGS_H 1
#define HAVE_INTTYPES_H 1
#define HAVE_STDINT_H 1
#define HAVE_UNISTD_H 1
#define HAVE_DLFCN_H 1
#define LT_OBJDIR ".libs/"
#define HAVE_SECURITY_PAM_APPL_H 1
#define HAVE_SECURITY_PAM_MODULES_H 1
#define HAVE_SECURITY__PAM_MACROS_H 1
#define HAVE_LIBPAM 1

configure: exit 0
